{"total": {"lines":{"total":50,"covered":50,"skipped":0,"pct":100},"statements":{"total":55,"covered":55,"skipped":0,"pct":100},"functions":{"total":18,"covered":18,"skipped":0,"pct":100},"branches":{"total":14,"covered":14,"skipped":0,"pct":100},"branchesTrue":{"total":0,"covered":0,"skipped":0,"pct":100}}
,"/home/igorlealh/dev-trybe/repositorio/trybe-exercises/Back-end/bloco30_MongoDB-com-Nodejs-e-POO/class30.1_Mongoose-e-MSC-Camada-de-model/src/controllers/Frame.ts": {"lines":{"total":12,"covered":12,"skipped":0,"pct":100},"functions":{"total":5,"covered":5,"skipped":0,"pct":100},"statements":{"total":12,"covered":12,"skipped":0,"pct":100},"branches":{"total":0,"covered":0,"skipped":0,"pct":100}}
,"/home/igorlealh/dev-trybe/repositorio/trybe-exercises/Back-end/bloco30_MongoDB-com-Nodejs-e-POO/class30.1_Mongoose-e-MSC-Camada-de-model/src/models/Frame.ts": {"lines":{"total":5,"covered":5,"skipped":0,"pct":100},"functions":{"total":1,"covered":1,"skipped":0,"pct":100},"statements":{"total":5,"covered":5,"skipped":0,"pct":100},"branches":{"total":1,"covered":1,"skipped":0,"pct":100}}
,"/home/igorlealh/dev-trybe/repositorio/trybe-exercises/Back-end/bloco30_MongoDB-com-Nodejs-e-POO/class30.1_Mongoose-e-MSC-Camada-de-model/src/models/Lens.ts": {"lines":{"total":5,"covered":5,"skipped":0,"pct":100},"functions":{"total":1,"covered":1,"skipped":0,"pct":100},"statements":{"total":5,"covered":5,"skipped":0,"pct":100},"branches":{"total":1,"covered":1,"skipped":0,"pct":100}}
,"/home/igorlealh/dev-trybe/repositorio/trybe-exercises/Back-end/bloco30_MongoDB-com-Nodejs-e-POO/class30.1_Mongoose-e-MSC-Camada-de-model/src/models/MongoModel.ts": {"lines":{"total":12,"covered":12,"skipped":0,"pct":100},"functions":{"total":6,"covered":6,"skipped":0,"pct":100},"statements":{"total":15,"covered":15,"skipped":0,"pct":100},"branches":{"total":6,"covered":6,"skipped":0,"pct":100}}
,"/home/igorlealh/dev-trybe/repositorio/trybe-exercises/Back-end/bloco30_MongoDB-com-Nodejs-e-POO/class30.1_Mongoose-e-MSC-Camada-de-model/src/services/Frame.ts": {"lines":{"total":16,"covered":16,"skipped":0,"pct":100},"functions":{"total":5,"covered":5,"skipped":0,"pct":100},"statements":{"total":18,"covered":18,"skipped":0,"pct":100},"branches":{"total":6,"covered":6,"skipped":0,"pct":100}}
}
